Arguments: 
  C:\Program Files\nodejs\node.exe C:\Users\Daniel\AppData\Roaming\npm\node_modules\@sanity\cli\vendor\yarn add @sanity/vision --json --non-interactive --ignore-engines --network-timeout 60000 --registry https://registry.npmjs.org

PATH: 
  C:\Users\Daniel\AppData\Roaming\npm\node_modules\vendor;C:\Program Files\Git\mingw64\bin;C:\Program Files\Git\usr\bin;C:\Users\Daniel\bin;C:\WINDOWS\system32;C:\WINDOWS;C:\WINDOWS\System32\Wbem;C:\WINDOWS\System32\WindowsPowerShell\v1.0;C:\WINDOWS\System32\OpenSSH;C:\Program Files\nodejs;C:\Program Files\Git\cmd;C:\Users\Daniel\AppData\Local\Microsoft\WindowsApps;C:\Users\Daniel\AppData\Roaming\npm;C:\Users\Daniel\AppData\Local\Programs\Microsoft VS Code\bin

Yarn version: 
  1.22.17

Node version: 
  16.13.2

Platform: 
  win32 x64

Trace: 
  Error: ENOENT: no such file or directory, lstat 'D:\WEB\Learning\SANITY\sanity-eleventy-blog-dbdev\studio\node_modules\babel-loader\node_modules\json5'

npm manifest: 
  {
    "private": true,
    "name": "sanity-eleventy-blog-studio",
    "version": "1.0.12",
    "main": "package.json",
    "author": "Sanity <hello@sanity.io>",
    "scripts": {
      "dev": "sanity start",
      "format": "prettier-eslint --write \"**/*.js\" \"!node_modules/**\"",
      "build": "sanity build",
      "graphql-deploy": "sanity graphql deploy --playground",
      "lint": "eslint .",
      "test": "sanity check"
    },
    "dependencies": {
      "@sanity/base": "^2.0.0",
      "@sanity/cli": "^2.0.0",
      "@sanity/components": "^2.0.0",
      "@sanity/core": "^2.0.0",
      "@sanity/dashboard": "^2.0.0",
      "@sanity/default-layout": "^2.0.0",
      "@sanity/default-login": "^2.0.0",
      "@sanity/desk-tool": "^2.0.0",
      "date-fns": "^1.30.1",
      "prop-types": "^15.7.2",
      "react": "^16.14.0",
      "react-dom": "^16.14.0",
      "react-icons": "^3.11.0",
      "sanity-plugin-dashboard-widget-document-list": "^0.0.11",
      "sanity-plugin-dashboard-widget-netlify": "^1.0.1"
    },
    "devDependencies": {
      "babel-eslint": "^10.0.1",
      "eslint": "^5.16.0",
      "eslint-config-standard": "^12.0.0",
      "eslint-config-standard-react": "^7.0.2",
      "eslint-plugin-import": "^2.17.3",
      "eslint-plugin-node": "^9.1.0",
      "eslint-plugin-promise": "^4.1.1",
      "eslint-plugin-react": "^7.13.0",
      "eslint-plugin-standard": "^4.0.0",
      "prettier-eslint-cli": "^4.7.1"
    }
  }

yarn manifest: 
  No manifest

Lockfile: 
  No lockfile
